<?xml version="1.0" encoding="UTF-8"?>
<!-- Generated by org.testng.reporters.JUnitReportReporter -->
<testsuite hostname="shivams-MacBook-Air.local" failures="0" tests="9" name="file_Runner.runnerFile" time="80.879" errors="0" timestamp="2024-09-02T12:59:52 IST" skipped="0">
  <testcase classname="file_Runner.runnerFile" name="runScenario" time="7.969"/>
  <testcase classname="file_Runner.runnerFile" name="runScenario" time="8.745"/>
  <testcase classname="file_Runner.runnerFile" name="runScenario" time="10.692"/>
  <testcase classname="file_Runner.runnerFile" name="runScenario" time="7.554"/>
  <testcase classname="file_Runner.runnerFile" name="runScenario" time="8.508"/>
  <testcase classname="file_Runner.runnerFile" name="runScenario" time="9.728"/>
  <testcase classname="file_Runner.runnerFile" name="runScenario" time="11.606"/>
  <testcase classname="file_Runner.runnerFile" name="runScenario" time="7.527"/>
  <testcase classname="file_Runner.runnerFile" name="runScenario" time="8.550"/>
</testsuite> <!-- file_Runner.runnerFile -->
