<?xml version="1.0" encoding="UTF-8"?>
<!-- Generated by org.testng.reporters.JUnitReportReporter -->
<testsuite hostname="shivams-MacBook-Air.local" failures="0" tests="1" name="file_Runner.runnerFile" time="8.604" errors="0" timestamp="2024-09-01T00:41:30 IST" skipped="0">
  <testcase classname="file_Runner.runnerFile" name="runScenario" time="8.604"/>
</testsuite> <!-- file_Runner.runnerFile -->
